<?xml version="1.0" encoding="UTF-8"?>
<!-- Generated by org.testng.reporters.JUnitXMLReporter -->
<testsuite hostname="khadizarahman" ignored="0" name="Selenium scripts" tests="5" failures="0" timestamp="17 Apr 2021 22:25:20 GMT" time="14.982" errors="0">
  <testcase name="createCust" time="0.005" classname="com.TestNGScripts.AnnotationsTestNG"/>
  <testcase name="createAccount" time="10.473" classname="com.TestNGScripts.WikiTestCase"/>
  <testcase name="searchCust" time="0.001" classname="com.TestNGScripts.AnnotationsTestNG"/>
  <testcase name="MainPage" time="1.146" classname="com.TestNGScripts.WikiTestCase"/>
  <testcase name="deleteCust" time="0.006" classname="com.TestNGScripts.AnnotationsTestNG"/>
</testsuite> <!-- Selenium scripts -->
