<?xml version="1.0" encoding="UTF-8"?>
<testng-results skipped="0" failed="0" ignored="0" total="1" passed="1">
  <reporter-output>
  </reporter-output>
  <suite name="Default suite" duration-ms="20866" started-at="2021-04-19T23:33:00Z" finished-at="2021-04-19T23:33:21Z">
    <groups>
    </groups>
    <test name="Default test" duration-ms="20866" started-at="2021-04-19T23:33:00Z" finished-at="2021-04-19T23:33:21Z">
      <class name="com.TestNGScripts.KeyEvents">
        <test-method status="PASS" signature="Keyevenetsmethod()[pri:0, instance:com.TestNGScripts.KeyEvents@50a7bc6e]" name="Keyevenetsmethod" duration-ms="20826" started-at="2021-04-19T23:33:00Z" finished-at="2021-04-19T23:33:21Z">
          <reporter-output>
          </reporter-output>
        </test-method> <!-- Keyevenetsmethod -->
      </class> <!-- com.TestNGScripts.KeyEvents -->
    </test> <!-- Default test -->
  </suite> <!-- Default suite -->
</testng-results>
